2024-01-12 15:11:36,853 INFO o.i.p.m.i.PaperModel [JavaFX Application Thread] register new observer org.isen.papernews.view.impl.PaperSearchView@226ae40d with datatype search
2024-01-12 15:11:37,249 INFO o.i.p.v.i.PaperSearchView [JavaFX Application Thread] PaperSearchView : display
2024-01-12 15:11:37,552 INFO o.i.p.m.i.PaperModel [DefaultDispatcher-worker-2] download paper information
2024-01-12 15:11:39,047 INFO o.i.p.m.i.PaperModel [DefaultDispatcher-worker-2] Status Code : 200
2024-01-12 15:11:39,047 INFO o.i.p.m.i.PaperModel [DefaultDispatcher-worker-2] receive data ok
2024-01-12 15:11:39,048 INFO o.i.p.m.i.PaperModel$special$$inlined$observable$1 [DefaultDispatcher-worker-2] paperInformation property changed, notify observer
2024-01-12 15:11:39,049 INFO o.i.p.v.i.PaperSearchView [DefaultDispatcher-worker-2] receive PaperInformation data
2024-01-12 15:11:44,638 INFO o.i.p.v.i.PaperSearchView [AWT-EventQueue-0] Click on refresh button
2024-01-12 15:11:44,639 INFO o.i.p.m.i.PaperModel [DefaultDispatcher-worker-2] download paper information
2024-01-12 15:11:44,926 INFO o.i.p.m.i.PaperModel [DefaultDispatcher-worker-2] Status Code : 200
2024-01-12 15:11:44,926 INFO o.i.p.m.i.PaperModel [DefaultDispatcher-worker-2] receive data ok
2024-01-12 15:11:44,926 INFO o.i.p.m.i.PaperModel$special$$inlined$observable$1 [DefaultDispatcher-worker-2] paperInformation property changed, notify observer
2024-01-12 15:11:46,740 INFO o.i.p.v.i.PaperSearchView [AWT-EventQueue-0] Click on combo with index 1 and value InfoArticle(source=SourceArt(id=the-next-web, name=The Next Web), author=Thomas Macaulay, title=ESA’s annual budget hits record €7.8B, with biggest chunk for Earth observation, description=The European Space Agency’s budget for 2024 has hit a record €7.79bn — 10% more than last year. The largest portion of the funds will go to Earth observation (EO), which is allocated almost €2.4bn — around 30.5% of the total. It’s a share that reflects growin…, url=https://thenextweb.com/news/european-space-agency-esa-budget-2024, urlToImage=https://img-cdn.tnwcdn.com/image/tnw-blurple?filter_last=1&fit=1280%2C640&url=https%3A%2F%2Fcdn0.tnwcdn.com%2Fwp-content%2Fblogs.dir%2F1%2Ffiles%2F2023%2F11%2FUntitled-design-2.jpg&signature=c94eb96bd709c11ef6f085cb9fd1c8d2, publishedAt=Thu Jan 11 13:15:46 CET 2024, content=The European Space Agencys budget for 2024 has hit a record 7.79bn 10% more than last year.
The largest portion of the funds will go to Earth observation (EO), which is allocated almost 2.4bn around… [+1387 chars])
2024-01-12 15:11:46,747 INFO o.i.p.m.i.PaperModel$special$$inlined$observable$2 [AWT-EventQueue-0] selectedPaper property changed, notify observer
2024-01-12 15:11:46,747 INFO o.i.p.v.i.PaperSearchView [AWT-EventQueue-0] unknown data
2024-01-12 15:11:46,883 INFO o.i.p.m.i.PaperModel$changeCurrentSelection$1 [Thread-5] Status Code : 200
2024-01-12 15:11:46,883 INFO o.i.p.m.i.PaperModel$special$$inlined$observable$2 [Thread-5] selectedPaper property changed, notify observer
2024-01-12 15:11:46,884 INFO o.i.p.v.i.PaperSearchView [Thread-5] receive InfoArticle data
2024-01-12 15:11:48,843 INFO o.i.p.v.i.PaperSearchView [AWT-EventQueue-0] Click on combo with index 0 and value InfoArticle(source=SourceArt(id=engadget, name=Engadget), author=Kris Holt, title=What to expect from Samsung Unpacked 2024, including the Galaxy S24 smartphone launch, description=CES 2024 is in the books and that means the tech world can kick back and re— oh, wait, there's the small matter of a Samsung Unpacked on the horizon. Samsung is running its first event of the year a little earlier than usual. It will start on January 17 at 1P…, url=https://www.engadget.com/what-to-expect-from-samsung-unpacked-2024-including-the-galaxy-s24-smartphone-launch-140010394.html, urlToImage=https://s.yimg.com/ny/api/res/1.2/vbuZ2.LqS0x6Azvmh7zeCg--/YXBwaWQ9aGlnaGxhbmRlcjt3PTEyMDA7aD03MjA-/https://s.yimg.com/os/creatr-uploaded-images/2023-02/ce55c7e0-a87d-11ed-afbb-0cbb082fd5eb, publishedAt=Thu Jan 11 15:00:10 CET 2024, content=CES 2024 is in the books and that means the tech world can kick back and re oh, wait, there's the small matter of a Samsung Unpacked on the horizon. Samsung is running its first event of the year a l… [+2755 chars])
2024-01-12 15:11:48,843 INFO o.i.p.m.i.PaperModel$special$$inlined$observable$2 [AWT-EventQueue-0] selectedPaper property changed, notify observer
2024-01-12 15:11:48,843 INFO o.i.p.v.i.PaperSearchView [AWT-EventQueue-0] receive InfoArticle data
2024-01-12 15:11:50,076 INFO o.i.p.v.i.PaperSearchView [AWT-EventQueue-0] Click on combo with index 4 and value InfoArticle(source=SourceArt(id=the-next-web, name=The Next Web), author=Thomas Macaulay, title=How a startup turns old Tesla batteries into smart energy storage units, description=Old Tesla batteries can look forward to new lives thanks to new funding for an energy system built from the ageing power units. The concept is the brainchild of Cactos, a startup based in Finland. Cactos converts the batteries into smart electricity storage u…, url=https://thenextweb.com/news/cactos-tesla-batteries-smart-energy-storage, urlToImage=https://img-cdn.tnwcdn.com/image/tnw-blurple?filter_last=1&fit=1280%2C640&url=https%3A%2F%2Fcdn0.tnwcdn.com%2Fwp-content%2Fblogs.dir%2F1%2Ffiles%2F2024%2F01%2FUntitled-design-2.jpg&signature=d8a7a30c9b1e6d44093eddc73026d38d, publishedAt=Thu Jan 11 07:15:14 CET 2024, content=Old Tesla batteries can look forward to new lives thanks to new funding for an energy system built from the ageing power units.
The concept is the brainchild of Cactos, a startup based in Finland. C… [+2683 chars])
2024-01-12 15:11:50,076 INFO o.i.p.m.i.PaperModel$special$$inlined$observable$2 [AWT-EventQueue-0] selectedPaper property changed, notify observer
2024-01-12 15:11:50,077 INFO o.i.p.v.i.PaperSearchView [AWT-EventQueue-0] receive InfoArticle data
2024-01-12 15:11:51,010 INFO o.i.p.v.i.PaperSearchView [AWT-EventQueue-0] Click on button
